INFO 2020-03-28 16:03:14 c.m.account.AccountApplication.logStartupProfileInfo 651 :No active profile set, falling back to default profiles: default
INFO 2020-03-28 16:03:14 o.s.c.c.scope.GenericScope.setSerializationId 294 :BeanFactory id=68b8bcc2-a057-326e-95e2-62a881b3b7e5
INFO 2020-03-28 16:03:14 o.s.c.s.PostProcessorRegistrationDelegate$BeanPostProcessorChecker.postProcessAfterInitialization 330 :Bean 'org.springframework.transaction.annotation.ProxyTransactionManagementConfiguration' of type [org.springframework.transaction.annotation.ProxyTransactionManagementConfiguration] is not eligible for getting processed by all BeanPostProcessors (for example: not eligible for auto-proxying)
INFO 2020-03-28 16:03:14 o.s.c.s.PostProcessorRegistrationDelegate$BeanPostProcessorChecker.postProcessAfterInitialization 330 :Bean 'org.springframework.cloud.autoconfigure.ConfigurationPropertiesRebinderAutoConfiguration' of type [org.springframework.cloud.autoconfigure.ConfigurationPropertiesRebinderAutoConfiguration$$EnhancerBySpringCGLIB$$a87661e] is not eligible for getting processed by all BeanPostProcessors (for example: not eligible for auto-proxying)
INFO 2020-03-28 16:03:14 o.s.b.w.e.t.TomcatWebServer.initialize 92 :Tomcat initialized with port(s): 9000 (http)
INFO 2020-03-28 16:03:14 o.a.c.core.StandardService.log 173 :Starting service [Tomcat]
INFO 2020-03-28 16:03:14 o.a.c.core.StandardEngine.log 173 :Starting Servlet engine: [Apache Tomcat/9.0.29]
INFO 2020-03-28 16:03:14 o.a.c.c.C.[.[.[/account-svc].log 173 :Initializing Spring embedded WebApplicationContext
INFO 2020-03-28 16:03:14 o.s.web.context.ContextLoader.prepareWebApplicationContext 284 :Root WebApplicationContext: initialization completed in 727 ms
WARN 2020-03-28 16:03:15 o.s.c.n.a.ArchaiusAutoConfiguration.configureArchaius 151 :No spring.application.name found, defaulting to 'application'
WARN 2020-03-28 16:03:15 c.n.c.s.URLConfigurationSource.<init> 120 :No URLs will be polled as dynamic configuration sources.
INFO 2020-03-28 16:03:15 c.n.c.s.URLConfigurationSource.<init> 121 :To enable URLs as dynamic configuration sources, define System property archaius.configurationSource.additionalUrls or make config.properties available on classpath.
WARN 2020-03-28 16:03:15 c.n.c.s.URLConfigurationSource.<init> 120 :No URLs will be polled as dynamic configuration sources.
INFO 2020-03-28 16:03:15 c.n.c.s.URLConfigurationSource.<init> 121 :To enable URLs as dynamic configuration sources, define System property archaius.configurationSource.additionalUrls or make config.properties available on classpath.
INFO 2020-03-28 16:03:15 o.s.s.c.ThreadPoolTaskExecutor.initialize 171 :Initializing ExecutorService 'applicationTaskExecutor'
INFO 2020-03-28 16:03:15 o.s.b.w.e.t.TomcatWebServer.start 204 :Tomcat started on port(s): 9000 (http) with context path '/account-svc'
INFO 2020-03-28 16:03:15 c.m.account.AccountApplication.logStarted 61 :Started AccountApplication in 2.289 seconds (JVM running for 2.712)
INFO 2020-03-28 16:03:32 o.a.c.c.C.[.[.[/account-svc].log 173 :Initializing Spring DispatcherServlet 'dispatcherServlet'
INFO 2020-03-28 16:03:32 o.s.w.s.DispatcherServlet.initServletBean 525 :Initializing Servlet 'dispatcherServlet'
INFO 2020-03-28 16:03:32 o.s.w.s.DispatcherServlet.initServletBean 547 :Completed initialization in 5 ms
INFO 2020-03-28 16:03:32 c.z.hikari.HikariDataSource.getConnection 110 :HikariPool-1 - Starting...
INFO 2020-03-28 16:03:32 c.z.hikari.HikariDataSource.getConnection 123 :HikariPool-1 - Start completed.
INFO 2020-03-28 16:03:32 p6spy.logSQL 60 :1585382612860|11|statement|connection 0|url jdbc:p6spy:mysql://localhost:3306/escort_pro?serverTimezone=UTC&characterEncoding=UTF-8|SELECT COUNT(*) FROM admin_users WHERE                       phone=?|SELECT COUNT(*) FROM admin_users WHERE                       phone='15111633630'
INFO 2020-03-28 16:03:35 p6spy.logSQL 60 :1585382615928|0|statement|connection 0|url jdbc:p6spy:mysql://localhost:3306/escort_pro?serverTimezone=UTC&characterEncoding=UTF-8|SELECT COUNT(*) FROM admin_users WHERE                       phone=?|SELECT COUNT(*) FROM admin_users WHERE                       phone='15111633630'
