2020-03-30 16:58:06.997  INFO 9684 --- [main] cn.marssky.dtfweb.ThreeDtfweb            : No active profile set, falling back to default profiles: default
2020-03-30 16:58:08.237  INFO 9684 --- [main] o.s.cloud.context.scope.GenericScope     : BeanFactory id=1794adb3-a8e9-32aa-878a-719320c9f130
2020-03-30 16:58:08.362  INFO 9684 --- [main] trationDelegate$BeanPostProcessorChecker : Bean 'org.springframework.transaction.annotation.ProxyTransactionManagementConfiguration' of type [org.springframework.transaction.annotation.ProxyTransactionManagementConfiguration] is not eligible for getting processed by all BeanPostProcessors (for example: not eligible for auto-proxying)
2020-03-30 16:58:08.386  INFO 9684 --- [main] trationDelegate$BeanPostProcessorChecker : Bean 'org.springframework.cloud.autoconfigure.ConfigurationPropertiesRebinderAutoConfiguration' of type [org.springframework.cloud.autoconfigure.ConfigurationPropertiesRebinderAutoConfiguration$$EnhancerBySpringCGLIB$$7c9e4495] is not eligible for getting processed by all BeanPostProcessors (for example: not eligible for auto-proxying)
2020-03-30 16:58:08.612  INFO 9684 --- [main] o.s.b.w.embedded.tomcat.TomcatWebServer  : Tomcat initialized with port(s): 9090 (http)
2020-03-30 16:58:08.621  INFO 9684 --- [main] o.apache.catalina.core.StandardService   : Starting service [Tomcat]
2020-03-30 16:58:08.622  INFO 9684 --- [main] org.apache.catalina.core.StandardEngine  : Starting Servlet engine: [Apache Tomcat/9.0.29]
2020-03-30 16:58:08.730  INFO 9684 --- [main] o.a.c.c.C.[Tomcat].[localhost].[/]       : Initializing Spring embedded WebApplicationContext
2020-03-30 16:58:08.731  INFO 9684 --- [main] o.s.web.context.ContextLoader            : Root WebApplicationContext: initialization completed in 1716 ms
2020-03-30 16:58:09.364  WARN 9684 --- [main] c.n.c.sources.URLConfigurationSource     : No URLs will be polled as dynamic configuration sources.
2020-03-30 16:58:09.364  INFO 9684 --- [main] c.n.c.sources.URLConfigurationSource     : To enable URLs as dynamic configuration sources, define System property archaius.configurationSource.additionalUrls or make config.properties available on classpath.
2020-03-30 16:58:09.368  WARN 9684 --- [main] c.n.c.sources.URLConfigurationSource     : No URLs will be polled as dynamic configuration sources.
2020-03-30 16:58:09.368  INFO 9684 --- [main] c.n.c.sources.URLConfigurationSource     : To enable URLs as dynamic configuration sources, define System property archaius.configurationSource.additionalUrls or make config.properties available on classpath.
2020-03-30 16:58:09.501  INFO 9684 --- [main] o.s.s.concurrent.ThreadPoolTaskExecutor  : Initializing ExecutorService 'applicationTaskExecutor'
2020-03-30 16:58:10.382  INFO 9684 --- [main] o.s.b.a.e.web.EndpointLinksResolver      : Exposing 2 endpoint(s) beneath base path '/actuator'
2020-03-30 16:58:10.480  INFO 9684 --- [main] o.s.b.w.embedded.tomcat.TomcatWebServer  : Tomcat started on port(s): 9090 (http) with context path ''
2020-03-30 16:58:10.482  INFO 9684 --- [main] cn.marssky.dtfweb.ThreeDtfweb            : Started ThreeDtfweb in 6.628 seconds (JVM running for 8.159)
2020-03-30 16:58:11.403  INFO 9684 --- [RMI TCP Connection(4)-192.168.0.104] o.a.c.c.C.[Tomcat].[localhost].[/]       : Initializing Spring DispatcherServlet 'dispatcherServlet'
2020-03-30 16:58:11.403  INFO 9684 --- [RMI TCP Connection(4)-192.168.0.104] o.s.web.servlet.DispatcherServlet        : Initializing Servlet 'dispatcherServlet'
2020-03-30 16:58:11.417  INFO 9684 --- [RMI TCP Connection(4)-192.168.0.104] o.s.web.servlet.DispatcherServlet        : Completed initialization in 14 ms
2020-03-30 16:58:11.446  INFO 9684 --- [RMI TCP Connection(3)-192.168.0.104] com.alibaba.druid.pool.DruidDataSource   : {dataSource-1} inited
2020-03-30 16:58:14.748  INFO 9684 --- [http-nio-9090-exec-8] c.m.d.c.ThreequestionController          : 视频编号为1
2020-03-30 16:58:14.794  INFO 9684 --- [http-nio-9090-exec-8] c.m.d.c.ThreequestionController          : 查询结果为Question(id=1, title=模拟夜间场景灯光使用, subtitle=主要考核驾驶人在特殊条件下使用灯光的能力。要求遇路口、急弯、人行横道、车辆故障、事故、无法移动以及雾天行驶等情况时，能够正确使用灯光。, avatar=null, difficulty=5, avatarType=小车, sort=0, isHide=0, createdAt=null, updatedAt=2018-07-02 10:38:00, video=https://kid1412.top/videos/111.mp4, videoTime=null, driverSchoolId=0)
2020-03-30 16:58:18.916  INFO 9684 --- [http-nio-9090-exec-5] c.m.d.c.ThreequestionController          : 视频编号为1
2020-03-30 16:58:18.952  INFO 9684 --- [http-nio-9090-exec-5] c.m.d.c.ThreequestionController          : 查询结果为Question(id=1, title=模拟夜间场景灯光使用, subtitle=主要考核驾驶人在特殊条件下使用灯光的能力。要求遇路口、急弯、人行横道、车辆故障、事故、无法移动以及雾天行驶等情况时，能够正确使用灯光。, avatar=null, difficulty=5, avatarType=小车, sort=0, isHide=0, createdAt=null, updatedAt=2018-07-02 10:38:00, video=https://kid1412.top/videos/111.mp4, videoTime=null, driverSchoolId=0)
2020-03-30 16:58:20.179  INFO 9684 --- [http-nio-9090-exec-7] c.m.d.c.ThreequestionController          : 视频编号为1
2020-03-30 16:58:20.258  INFO 9684 --- [http-nio-9090-exec-7] c.m.d.c.ThreequestionController          : 查询结果为Question(id=1, title=模拟夜间场景灯光使用, subtitle=主要考核驾驶人在特殊条件下使用灯光的能力。要求遇路口、急弯、人行横道、车辆故障、事故、无法移动以及雾天行驶等情况时，能够正确使用灯光。, avatar=null, difficulty=5, avatarType=小车, sort=0, isHide=0, createdAt=null, updatedAt=2018-07-02 10:38:00, video=https://kid1412.top/videos/111.mp4, videoTime=null, driverSchoolId=0)
2020-03-30 16:58:21.030  INFO 9684 --- [http-nio-9090-exec-3] c.m.d.c.ThreequestionController          : 视频编号为1
2020-03-30 16:58:21.054  INFO 9684 --- [http-nio-9090-exec-3] c.m.d.c.ThreequestionController          : 查询结果为Question(id=1, title=模拟夜间场景灯光使用, subtitle=主要考核驾驶人在特殊条件下使用灯光的能力。要求遇路口、急弯、人行横道、车辆故障、事故、无法移动以及雾天行驶等情况时，能够正确使用灯光。, avatar=null, difficulty=5, avatarType=小车, sort=0, isHide=0, createdAt=null, updatedAt=2018-07-02 10:38:00, video=https://kid1412.top/videos/111.mp4, videoTime=null, driverSchoolId=0)
2020-03-30 16:58:21.855  INFO 9684 --- [http-nio-9090-exec-9] c.m.d.c.ThreequestionController          : 视频编号为1
2020-03-30 16:58:21.882  INFO 9684 --- [http-nio-9090-exec-9] c.m.d.c.ThreequestionController          : 查询结果为Question(id=1, title=模拟夜间场景灯光使用, subtitle=主要考核驾驶人在特殊条件下使用灯光的能力。要求遇路口、急弯、人行横道、车辆故障、事故、无法移动以及雾天行驶等情况时，能够正确使用灯光。, avatar=null, difficulty=5, avatarType=小车, sort=0, isHide=0, createdAt=null, updatedAt=2018-07-02 10:38:00, video=https://kid1412.top/videos/111.mp4, videoTime=null, driverSchoolId=0)
2020-03-30 16:58:26.995  INFO 9684 --- [http-nio-9090-exec-1] c.m.d.c.ThreequestionController          : 视频编号为100
2020-03-30 16:58:27.019  INFO 9684 --- [http-nio-9090-exec-1] c.m.d.c.ThreequestionController          : 查询结果为null
